<?xml version="1.0" encoding="UTF-8"?>
<testng-results ignored="0" total="1" passed="1" failed="0" skipped="0">
  <reporter-output>
  </reporter-output>
  <suite started-at="2024-08-20T00:04:10 BST" name="Default suite" finished-at="2024-08-20T00:04:15 BST" duration-ms="4436">
    <groups>
    </groups>
    <test started-at="2024-08-20T00:04:10 BST" name="Default test" finished-at="2024-08-20T00:04:15 BST" duration-ms="4436">
      <class name="com.jat20wd.SeleniumKeyboardEvents.DragandDrop">
        <test-method is-config="true" signature="startChromeBrowser()[pri:0, instance:com.jat20wd.SeleniumKeyboardEvents.DragandDrop@7188af83]" started-at="2024-08-20T00:04:09 BST" name="startChromeBrowser" finished-at="2024-08-20T00:04:10 BST" duration-ms="1765" status="PASS">
          <reporter-output>
          </reporter-output>
        </test-method> <!-- startChromeBrowser -->
        <test-method signature="draganddroptest()[pri:0, instance:com.jat20wd.SeleniumKeyboardEvents.DragandDrop@7188af83]" started-at="2024-08-20T00:04:10 BST" name="draganddroptest" finished-at="2024-08-20T00:04:15 BST" duration-ms="4404" status="PASS">
          <reporter-output>
          </reporter-output>
        </test-method> <!-- draganddroptest -->
        <test-method is-config="true" signature="closeChromeBrowser()[pri:0, instance:com.jat20wd.SeleniumKeyboardEvents.DragandDrop@7188af83]" started-at="2024-08-20T00:04:15 BST" name="closeChromeBrowser" finished-at="2024-08-20T00:04:15 BST" duration-ms="240" status="PASS">
          <reporter-output>
          </reporter-output>
        </test-method> <!-- closeChromeBrowser -->
      </class> <!-- com.jat20wd.SeleniumKeyboardEvents.DragandDrop -->
    </test> <!-- Default test -->
  </suite> <!-- Default suite -->
</testng-results>
